{"/Users/som_ramnani/Projects/mui-snackbar-provider/src/PositionedSnackbar.js": {"path":"/Users/som_ramnani/Projects/mui-snackbar-provider/src/PositionedSnackbar.js","statementMap":{"0":{"start":{"line":4,"column":27},"end":{"line":24,"column":1}},"1":{"start":{"line":5,"column":49},"end":{"line":5,"column":62}},"2":{"start":{"line":7,"column":2},"end":{"line":23,"column":4}}},"fnMap":{"0":{"name":"(anonymous_0)","decl":{"start":{"line":4,"column":27},"end":{"line":4,"column":28}},"loc":{"start":{"line":4,"column":33},"end":{"line":24,"column":1}},"line":4}},"branchMap":{"0":{"loc":{"start":{"line":16,"column":18},"end":{"line":16,"column":32}},"type":"binary-expr","locations":[{"start":{"line":16,"column":18},"end":{"line":16,"column":22}},{"start":{"line":16,"column":26},"end":{"line":16,"column":32}}],"line":16}},"s":{"0":1,"1":3,"2":3},"f":{"0":3},"b":{"0":[3,0]},"_coverageSchema":"1a1c01bbd47fc00a2c39e90264f33305004495a9","hash":"d122fa40a1dffee8a81214f075f5ad6a6415a61f"}
}
